# JRE version: OpenJDK Runtime Environment (8.0_242-b01) (build 1.8.0_242-release-1644-b01)
# Java VM: OpenJDK 64-Bit Server VM (25.242-b01 mixed mode windows-amd64 compressed oops)
Heap:
 PSYoungGen      total 416256K, used 400492K [0x00000000d5580000, 0x00000000f6a80000, 0x0000000100000000)
  eden space 378368K, 97% used [0x00000000d5580000,0x00000000ebf65618,0x00000000ec700000)
  from space 37888K, 78% used [0x00000000ec700000,0x00000000ee435ae0,0x00000000eec00000)
  to   space 40448K, 0% used [0x00000000f4300000,0x00000000f4300000,0x00000000f6a80000)
 ParOldGen       total 118784K, used 43137K [0x0000000080000000, 0x0000000087400000, 0x00000000d5580000)
  object space 118784K, 36% used [0x0000000080000000,0x0000000082a20670,0x0000000087400000)
 Metaspace       used 105866K, capacity 110382K, committed 111256K, reserved 1146880K
  class space    used 13672K, capacity 14591K, committed 14744K, reserved 1048576K
GC Heap History (10 events):
Event: 608.056 GC heap before
{Heap before GC invocations=21 (full 3):
 PSYoungGen      total 304640K, used 293598K [0x00000000d5580000, 0x00000000eb880000, 0x0000000100000000)
  eden space 278016K, 100% used [0x00000000d5580000,0x00000000e6500000,0x00000000e6500000)
  from space 26624K, 58% used [0x00000000e6500000,0x00000000e7437a10,0x00000000e7f00000)
  to   space 26624K, 0% used [0x00000000e9e80000,0x00000000e9e80000,0x00000000eb880000)
 ParOldGen       total 91136K, used 42250K [0x0000000080000000, 0x0000000085900000, 0x00000000d5580000)
  object space 91136K, 46% used [0x0000000080000000,0x0000000082942b80,0x0000000085900000)
 Metaspace       used 83841K, capacity 87664K, committed 87832K, reserved 1126400K
  class space    used 10904K, capacity 11707K, committed 11800K, reserved 1048576K
Event: 638.633 GC heap after
Heap after GC invocations=21 (full 3):
 PSYoungGen      total 332288K, used 26612K [0x00000000d5580000, 0x00000000eec80000, 0x0000000100000000)
  eden space 305664K, 0% used [0x00000000d5580000,0x00000000d5580000,0x00000000e8000000)
  from space 26624K, 99% used [0x00000000e9e80000,0x00000000eb87d3f0,0x00000000eb880000)
  to   space 31232K, 0% used [0x00000000e8000000,0x00000000e8000000,0x00000000e9e80000)
 ParOldGen       total 91136K, used 45133K [0x0000000080000000, 0x0000000085900000, 0x00000000d5580000)
  object space 91136K, 49% used [0x0000000080000000,0x0000000082c137d0,0x0000000085900000)
 Metaspace       used 83841K, capacity 87664K, committed 87832K, reserved 1126400K
  class space    used 10904K, capacity 11707K, committed 11800K, reserved 1048576K
}
Event: 3431.633 GC heap before
{Heap before GC invocations=22 (full 3):
 PSYoungGen      total 332288K, used 332276K [0x00000000d5580000, 0x00000000eec80000, 0x0000000100000000)
  eden space 305664K, 100% used [0x00000000d5580000,0x00000000e8000000,0x00000000e8000000)
  from space 26624K, 99% used [0x00000000e9e80000,0x00000000eb87d3f0,0x00000000eb880000)
  to   space 31232K, 0% used [0x00000000e8000000,0x00000000e8000000,0x00000000e9e80000)
 ParOldGen       total 91136K, used 45133K [0x0000000080000000, 0x0000000085900000, 0x00000000d5580000)
  object space 91136K, 49% used [0x0000000080000000,0x0000000082c137d0,0x0000000085900000)
 Metaspace       used 91583K, capacity 95980K, committed 96280K, reserved 1132544K
  class space    used 11862K, capacity 12767K, committed 12824K, reserved 1048576K
Event: 3442.813 GC heap after
Heap after GC invocations=22 (full 3):
 PSYoungGen      total 336896K, used 31221K [0x00000000d5580000, 0x00000000f1900000, 0x0000000100000000)
  eden space 305664K, 0% used [0x00000000d5580000,0x00000000d5580000,0x00000000e8000000)
  from space 31232K, 99% used [0x00000000e8000000,0x00000000e9e7d6a8,0x00000000e9e80000)
  to   space 39424K, 0% used [0x00000000ef280000,0x00000000ef280000,0x00000000f1900000)
 ParOldGen       total 91136K, used 54925K [0x0000000080000000, 0x0000000085900000, 0x00000000d5580000)
  object space 91136K, 60% used [0x0000000080000000,0x00000000835a3750,0x0000000085900000)
 Metaspace       used 91583K, capacity 95980K, committed 96280K, reserved 1132544K
  class space    used 11862K, capacity 12767K, committed 12824K, reserved 1048576K
}
Event: 3468.960 GC heap before
{Heap before GC invocations=23 (full 3):
 PSYoungGen      total 336896K, used 217837K [0x00000000d5580000, 0x00000000f1900000, 0x0000000100000000)
  eden space 305664K, 61% used [0x00000000d5580000,0x00000000e0bbdf20,0x00000000e8000000)
  from space 31232K, 99% used [0x00000000e8000000,0x00000000e9e7d6a8,0x00000000e9e80000)
  to   space 39424K, 0% used [0x00000000ef280000,0x00000000ef280000,0x00000000f1900000)
 ParOldGen       total 91136K, used 54925K [0x0000000080000000, 0x0000000085900000, 0x00000000d5580000)
  object space 91136K, 60% used [0x0000000080000000,0x00000000835a3750,0x0000000085900000)
 Metaspace       used 94160K, capacity 98546K, committed 98584K, reserved 1134592K
  class space    used 12190K, capacity 13074K, committed 13080K, reserved 1048576K
Event: 3469.088 GC heap after
Heap after GC invocations=23 (full 3):
 PSYoungGen      total 409600K, used 18186K [0x00000000d5580000, 0x00000000f1100000, 0x0000000100000000)
  eden space 378368K, 0% used [0x00000000d5580000,0x00000000d5580000,0x00000000ec700000)
  from space 31232K, 58% used [0x00000000ef280000,0x00000000f0442a68,0x00000000f1100000)
  to   space 37888K, 0% used [0x00000000ec700000,0x00000000ec700000,0x00000000eec00000)
 ParOldGen       total 91136K, used 64981K [0x0000000080000000, 0x0000000085900000, 0x00000000d5580000)
  object space 91136K, 71% used [0x0000000080000000,0x0000000083f75760,0x0000000085900000)
 Metaspace       used 94160K, capacity 98546K, committed 98584K, reserved 1134592K
  class space    used 12190K, capacity 13074K, committed 13080K, reserved 1048576K
}
Event: 3469.088 GC heap before
{Heap before GC invocations=24 (full 4):
 PSYoungGen      total 409600K, used 18186K [0x00000000d5580000, 0x00000000f1100000, 0x0000000100000000)
  eden space 378368K, 0% used [0x00000000d5580000,0x00000000d5580000,0x00000000ec700000)
  from space 31232K, 58% used [0x00000000ef280000,0x00000000f0442a68,0x00000000f1100000)
  to   space 37888K, 0% used [0x00000000ec700000,0x00000000ec700000,0x00000000eec00000)
 ParOldGen       total 91136K, used 64981K [0x0000000080000000, 0x0000000085900000, 0x00000000d5580000)
  object space 91136K, 71% used [0x0000000080000000,0x0000000083f75760,0x0000000085900000)
 Metaspace       used 94160K, capacity 98546K, committed 98584K, reserved 1134592K
  class space    used 12190K, capacity 13074K, committed 13080K, reserved 1048576K
Event: 3499.131 GC heap after
Heap after GC invocations=24 (full 4):
 PSYoungGen      total 409600K, used 0K [0x00000000d5580000, 0x00000000f1100000, 0x0000000100000000)
  eden space 378368K, 0% used [0x00000000d5580000,0x00000000d5580000,0x00000000ec700000)
  from space 31232K, 0% used [0x00000000ef280000,0x00000000ef280000,0x00000000f1100000)
  to   space 37888K, 0% used [0x00000000ec700000,0x00000000ec700000,0x00000000eec00000)
 ParOldGen       total 118784K, used 43129K [0x0000000080000000, 0x0000000087400000, 0x00000000d5580000)
  object space 118784K, 36% used [0x0000000080000000,0x0000000082a1e670,0x0000000087400000)
 Metaspace       used 92699K, capacity 95802K, committed 98584K, reserved 1134592K
  class space    used 11897K, capacity 12539K, committed 13080K, reserved 1048576K
}
Event: 3531.640 GC heap before
{Heap before GC invocations=25 (full 4):
 PSYoungGen      total 409600K, used 378368K [0x00000000d5580000, 0x00000000f1100000, 0x0000000100000000)
  eden space 378368K, 100% used [0x00000000d5580000,0x00000000ec700000,0x00000000ec700000)
  from space 31232K, 0% used [0x00000000ef280000,0x00000000ef280000,0x00000000f1100000)
  to   space 37888K, 0% used [0x00000000ec700000,0x00000000ec700000,0x00000000eec00000)
 ParOldGen       total 118784K, used 43129K [0x0000000080000000, 0x0000000087400000, 0x00000000d5580000)
  object space 118784K, 36% used [0x0000000080000000,0x0000000082a1e670,0x0000000087400000)
 Metaspace       used 105460K, capacity 109966K, committed 110744K, reserved 1144832K
  class space    used 13619K, capacity 14547K, committed 14744K, reserved 1048576K
Event: 3532.171 GC heap after
Heap after GC invocations=25 (full 4):
 PSYoungGen      total 416256K, used 29910K [0x00000000d5580000, 0x00000000f6a80000, 0x0000000100000000)
  eden space 378368K, 0% used [0x00000000d5580000,0x00000000d5580000,0x00000000ec700000)
  from space 37888K, 78% used [0x00000000ec700000,0x00000000ee435ae0,0x00000000eec00000)
  to   space 40448K, 0% used [0x00000000f4300000,0x00000000f4300000,0x00000000f6a80000)
 ParOldGen       total 118784K, used 43137K [0x0000000080000000, 0x0000000087400000, 0x00000000d5580000)
  object space 118784K, 36% used [0x0000000080000000,0x0000000082a20670,0x0000000087400000)
 Metaspace       used 105460K, capacity 109966K, committed 110744K, reserved 1144832K
  class space    used 13619K, capacity 14547K, committed 14744K, reserved 1048576K
}

